<?xml version="1.0" encoding="UTF-8"?>
<!-- Generated by org.testng.reporters.JUnitReportReporter -->
<testsuite hostname="PC" failures="0" tests="1" name="TestCase.Main" time="37.161" errors="0" timestamp="2022-10-13T11:30:01 JST" skipped="0">
  <testcase classname="TestCase.Main" name="LogInTestCase" time="37.161"/>
  <system-out/>
</testsuite> <!-- TestCase.Main -->
