<?xml version="1.0" encoding="UTF-8"?>
<!-- Generated by org.testng.reporters.JUnitReportReporter -->
<testsuite hostname="PC" failures="0" tests="1" name="TestCase.UserRegistration" time="14.295" errors="0" timestamp="2022-10-18T12:57:19 JST" skipped="0">
  <testcase classname="TestCase.UserRegistration" name="userRegistrationFieldsVerify" time="14.295"/>
  <system-out/>
</testsuite> <!-- TestCase.UserRegistration -->
